f:\workspace\chickpt\陳貝貝\0924\drawer\drawer\debug\drawer.pch
f:\workspace\chickpt\陳貝貝\0924\drawer\drawer\debug\vc143.pdb
f:\workspace\chickpt\陳貝貝\0924\drawer\drawer\debug\vc143.idb
f:\workspace\chickpt\陳貝貝\0924\drawer\drawer\debug\pch.obj
f:\workspace\chickpt\陳貝貝\0924\drawer\drawer\debug\triangle.obj
f:\workspace\chickpt\陳貝貝\0924\drawer\drawer\debug\thrtab.obj
f:\workspace\chickpt\陳貝貝\0924\drawer\drawer\debug\text.obj
f:\workspace\chickpt\陳貝貝\0924\drawer\drawer\debug\shape.obj
f:\workspace\chickpt\陳貝貝\0924\drawer\drawer\debug\secondtab.obj
f:\workspace\chickpt\陳貝貝\0924\drawer\drawer\debug\properset.obj
f:\workspace\chickpt\陳貝貝\0924\drawer\drawer\debug\onetab.obj
f:\workspace\chickpt\陳貝貝\0924\drawer\drawer\debug\myscrollview.obj
f:\workspace\chickpt\陳貝貝\0924\drawer\drawer\debug\mainfrm.obj
f:\workspace\chickpt\陳貝貝\0924\drawer\drawer\debug\graphic.obj
f:\workspace\chickpt\陳貝貝\0924\drawer\drawer\debug\drawer.obj
f:\workspace\chickpt\陳貝貝\0924\drawer\drawer\debug\circle.obj
f:\workspace\chickpt\陳貝貝\0924\drawer\drawer\debug\childview.obj
f:\workspace\chickpt\陳貝貝\0924\drawer\drawer\debug\drawer.ilk
f:\workspace\chickpt\陳貝貝\0924\drawer\debug\drawer.exe
f:\workspace\chickpt\陳貝貝\0924\drawer\debug\drawer.pdb
f:\workspace\chickpt\陳貝貝\0924\drawer\drawer\debug\drawer.res
f:\workspace\chickpt\陳貝貝\0924\drawer\drawer\debug\drawer.tlog\cl.command.1.tlog
f:\workspace\chickpt\陳貝貝\0924\drawer\drawer\debug\drawer.tlog\cl.read.1.tlog
f:\workspace\chickpt\陳貝貝\0924\drawer\drawer\debug\drawer.tlog\cl.write.1.tlog
f:\workspace\chickpt\陳貝貝\0924\drawer\drawer\debug\drawer.tlog\link.command.1.tlog
f:\workspace\chickpt\陳貝貝\0924\drawer\drawer\debug\drawer.tlog\link.read.1.tlog
f:\workspace\chickpt\陳貝貝\0924\drawer\drawer\debug\drawer.tlog\link.write.1.tlog
f:\workspace\chickpt\陳貝貝\0924\drawer\drawer\debug\drawer.tlog\rc.command.1.tlog
f:\workspace\chickpt\陳貝貝\0924\drawer\drawer\debug\drawer.tlog\rc.read.1.tlog
f:\workspace\chickpt\陳貝貝\0924\drawer\drawer\debug\drawer.tlog\rc.write.1.tlog
